<?xml version="1.0" encoding="UTF-8"?>
<!-- Generated by org.testng.reporters.JUnitXMLReporter -->
<testsuite ignored="0" hostname="DESKTOP-V67KR6L" failures="0" tests="8" name="Default test" time="168.553" errors="0" timestamp="2022-01-24T21:08:07 EST">
  <testcase classname="tests.AmazonSearchWithExcel" name="amazonSearchWithExcel" time="19.479"/>
  <testcase classname="tests.AmazonSearchWithExcel" name="amazonSearchWithExcel" time="16.274"/>
  <testcase classname="tests.AmazonSearchWithExcel" name="amazonSearchWithExcel" time="17.899"/>
  <testcase classname="tests.AmazonSearchWithExcel" name="amazonSearchWithExcel" time="14.867"/>
  <testcase classname="tests.AmazonSearchWithExcel" name="amazonSearchWithExcel" time="14.848"/>
  <testcase classname="tests.AmazonSearchWithExcel" name="amazonSearchWithExcel" time="16.987"/>
  <testcase classname="tests.AmazonSearchWithExcel" name="amazonSearchWithExcel" time="14.21"/>
  <testcase classname="tests.AmazonSearchWithExcel" name="amazonSearchWithExcel" time="17.784"/>
</testsuite> <!-- Default test -->
