<?xml version="1.0" encoding="UTF-8"?>
<testng-results ignored="0" total="8" passed="8" failed="0" skipped="0">
  <reporter-output>
  </reporter-output>
  <suite started-at="2022-01-24T21:05:18 EST" name="Default suite" finished-at="2022-01-24T21:08:07 EST" duration-ms="168553">
    <groups>
    </groups>
    <test started-at="2022-01-24T21:05:18 EST" name="Default test" finished-at="2022-01-24T21:08:07 EST" duration-ms="168553">
      <class name="tests.AmazonSearchWithExcel">
        <test-method is-config="true" signature="beforeMethod()[pri:0, instance:tests.AmazonSearchWithExcel@3ba9ad43]" started-at="2022-01-24T21:05:20 EST" name="beforeMethod" finished-at="2022-01-24T21:05:25 EST" duration-ms="5077" status="PASS">
          <reporter-output>
          </reporter-output>
        </test-method> <!-- beforeMethod -->
        <test-method signature="amazonSearchWithExcel(java.lang.String)[pri:0, instance:tests.AmazonSearchWithExcel@3ba9ad43]" started-at="2022-01-24T21:05:25 EST" name="amazonSearchWithExcel" data-provider="searchData" finished-at="2022-01-24T21:05:45 EST" duration-ms="19479" status="PASS">
          <params>
            <param index="0">
              <value>
                <![CDATA[coffee mug]]>
              </value>
            </param>
          </params>
          <reporter-output>
          </reporter-output>
        </test-method> <!-- amazonSearchWithExcel -->
        <test-method is-config="true" signature="afterMethod()[pri:0, instance:tests.AmazonSearchWithExcel@3ba9ad43]" started-at="2022-01-24T21:05:45 EST" name="afterMethod" finished-at="2022-01-24T21:05:46 EST" duration-ms="1514" status="PASS">
          <reporter-output>
          </reporter-output>
        </test-method> <!-- afterMethod -->
        <test-method is-config="true" signature="beforeMethod()[pri:0, instance:tests.AmazonSearchWithExcel@3ba9ad43]" started-at="2022-01-24T21:05:46 EST" name="beforeMethod" finished-at="2022-01-24T21:05:58 EST" duration-ms="11763" status="PASS">
          <reporter-output>
          </reporter-output>
        </test-method> <!-- beforeMethod -->
        <test-method signature="amazonSearchWithExcel(java.lang.String)[pri:0, instance:tests.AmazonSearchWithExcel@3ba9ad43]" started-at="2022-01-24T21:05:58 EST" name="amazonSearchWithExcel" data-provider="searchData" finished-at="2022-01-24T21:06:14 EST" duration-ms="16274" status="PASS">
          <params>
            <param index="0">
              <value>
                <![CDATA[pretty coffee mug]]>
              </value>
            </param>
          </params>
          <reporter-output>
          </reporter-output>
        </test-method> <!-- amazonSearchWithExcel -->
        <test-method is-config="true" signature="afterMethod()[pri:0, instance:tests.AmazonSearchWithExcel@3ba9ad43]" started-at="2022-01-24T21:06:14 EST" name="afterMethod" finished-at="2022-01-24T21:06:15 EST" duration-ms="770" status="PASS">
          <reporter-output>
          </reporter-output>
        </test-method> <!-- afterMethod -->
        <test-method is-config="true" signature="beforeMethod()[pri:0, instance:tests.AmazonSearchWithExcel@3ba9ad43]" started-at="2022-01-24T21:06:15 EST" name="beforeMethod" finished-at="2022-01-24T21:06:17 EST" duration-ms="1721" status="PASS">
          <reporter-output>
          </reporter-output>
        </test-method> <!-- beforeMethod -->
        <test-method signature="amazonSearchWithExcel(java.lang.String)[pri:0, instance:tests.AmazonSearchWithExcel@3ba9ad43]" started-at="2022-01-24T21:06:17 EST" name="amazonSearchWithExcel" data-provider="searchData" finished-at="2022-01-24T21:06:35 EST" duration-ms="17899" status="PASS">
          <params>
            <param index="0">
              <value>
                <![CDATA[cool coffee mug]]>
              </value>
            </param>
          </params>
          <reporter-output>
          </reporter-output>
        </test-method> <!-- amazonSearchWithExcel -->
        <test-method is-config="true" signature="afterMethod()[pri:0, instance:tests.AmazonSearchWithExcel@3ba9ad43]" started-at="2022-01-24T21:06:35 EST" name="afterMethod" finished-at="2022-01-24T21:06:35 EST" duration-ms="481" status="PASS">
          <reporter-output>
          </reporter-output>
        </test-method> <!-- afterMethod -->
        <test-method is-config="true" signature="beforeMethod()[pri:0, instance:tests.AmazonSearchWithExcel@3ba9ad43]" started-at="2022-01-24T21:06:35 EST" name="beforeMethod" finished-at="2022-01-24T21:06:37 EST" duration-ms="1708" status="PASS">
          <reporter-output>
          </reporter-output>
        </test-method> <!-- beforeMethod -->
        <test-method signature="amazonSearchWithExcel(java.lang.String)[pri:0, instance:tests.AmazonSearchWithExcel@3ba9ad43]" started-at="2022-01-24T21:06:37 EST" name="amazonSearchWithExcel" data-provider="searchData" finished-at="2022-01-24T21:06:52 EST" duration-ms="14867" status="PASS">
          <params>
            <param index="0">
              <value>
                <![CDATA[cute coffee mug]]>
              </value>
            </param>
          </params>
          <reporter-output>
          </reporter-output>
        </test-method> <!-- amazonSearchWithExcel -->
        <test-method is-config="true" signature="afterMethod()[pri:0, instance:tests.AmazonSearchWithExcel@3ba9ad43]" started-at="2022-01-24T21:06:52 EST" name="afterMethod" finished-at="2022-01-24T21:06:53 EST" duration-ms="1112" status="PASS">
          <reporter-output>
          </reporter-output>
        </test-method> <!-- afterMethod -->
        <test-method is-config="true" signature="beforeMethod()[pri:0, instance:tests.AmazonSearchWithExcel@3ba9ad43]" started-at="2022-01-24T21:06:53 EST" name="beforeMethod" finished-at="2022-01-24T21:06:55 EST" duration-ms="1987" status="PASS">
          <reporter-output>
          </reporter-output>
        </test-method> <!-- beforeMethod -->
        <test-method signature="amazonSearchWithExcel(java.lang.String)[pri:0, instance:tests.AmazonSearchWithExcel@3ba9ad43]" started-at="2022-01-24T21:06:55 EST" name="amazonSearchWithExcel" data-provider="searchData" finished-at="2022-01-24T21:07:10 EST" duration-ms="14848" status="PASS">
          <params>
            <param index="0">
              <value>
                <![CDATA[ugly coffee mug]]>
              </value>
            </param>
          </params>
          <reporter-output>
          </reporter-output>
        </test-method> <!-- amazonSearchWithExcel -->
        <test-method is-config="true" signature="afterMethod()[pri:0, instance:tests.AmazonSearchWithExcel@3ba9ad43]" started-at="2022-01-24T21:07:10 EST" name="afterMethod" finished-at="2022-01-24T21:07:11 EST" duration-ms="770" status="PASS">
          <reporter-output>
          </reporter-output>
        </test-method> <!-- afterMethod -->
        <test-method is-config="true" signature="beforeMethod()[pri:0, instance:tests.AmazonSearchWithExcel@3ba9ad43]" started-at="2022-01-24T21:07:11 EST" name="beforeMethod" finished-at="2022-01-24T21:07:12 EST" duration-ms="1708" status="PASS">
          <reporter-output>
          </reporter-output>
        </test-method> <!-- beforeMethod -->
        <test-method signature="amazonSearchWithExcel(java.lang.String)[pri:0, instance:tests.AmazonSearchWithExcel@3ba9ad43]" started-at="2022-01-24T21:07:12 EST" name="amazonSearchWithExcel" data-provider="searchData" finished-at="2022-01-24T21:07:29 EST" duration-ms="16987" status="PASS">
          <params>
            <param index="0">
              <value>
                <![CDATA[laptop]]>
              </value>
            </param>
          </params>
          <reporter-output>
          </reporter-output>
        </test-method> <!-- amazonSearchWithExcel -->
        <test-method is-config="true" signature="afterMethod()[pri:0, instance:tests.AmazonSearchWithExcel@3ba9ad43]" started-at="2022-01-24T21:07:29 EST" name="afterMethod" finished-at="2022-01-24T21:07:30 EST" duration-ms="808" status="PASS">
          <reporter-output>
          </reporter-output>
        </test-method> <!-- afterMethod -->
        <test-method is-config="true" signature="beforeMethod()[pri:0, instance:tests.AmazonSearchWithExcel@3ba9ad43]" started-at="2022-01-24T21:07:30 EST" name="beforeMethod" finished-at="2022-01-24T21:07:32 EST" duration-ms="1862" status="PASS">
          <reporter-output>
          </reporter-output>
        </test-method> <!-- beforeMethod -->
        <test-method signature="amazonSearchWithExcel(java.lang.String)[pri:0, instance:tests.AmazonSearchWithExcel@3ba9ad43]" started-at="2022-01-24T21:07:32 EST" name="amazonSearchWithExcel" data-provider="searchData" finished-at="2022-01-24T21:07:46 EST" duration-ms="14210" status="PASS">
          <params>
            <param index="0">
              <value>
                <![CDATA[Samsung TV]]>
              </value>
            </param>
          </params>
          <reporter-output>
          </reporter-output>
        </test-method> <!-- amazonSearchWithExcel -->
        <test-method is-config="true" signature="afterMethod()[pri:0, instance:tests.AmazonSearchWithExcel@3ba9ad43]" started-at="2022-01-24T21:07:46 EST" name="afterMethod" finished-at="2022-01-24T21:07:47 EST" duration-ms="726" status="PASS">
          <reporter-output>
          </reporter-output>
        </test-method> <!-- afterMethod -->
        <test-method is-config="true" signature="beforeMethod()[pri:0, instance:tests.AmazonSearchWithExcel@3ba9ad43]" started-at="2022-01-24T21:07:47 EST" name="beforeMethod" finished-at="2022-01-24T21:07:49 EST" duration-ms="1653" status="PASS">
          <reporter-output>
          </reporter-output>
        </test-method> <!-- beforeMethod -->
        <test-method signature="amazonSearchWithExcel(java.lang.String)[pri:0, instance:tests.AmazonSearchWithExcel@3ba9ad43]" started-at="2022-01-24T21:07:49 EST" name="amazonSearchWithExcel" data-provider="searchData" finished-at="2022-01-24T21:08:06 EST" duration-ms="17784" status="PASS">
          <params>
            <param index="0">
              <value>
                <![CDATA[coffee beans]]>
              </value>
            </param>
          </params>
          <reporter-output>
          </reporter-output>
        </test-method> <!-- amazonSearchWithExcel -->
        <test-method is-config="true" signature="afterMethod()[pri:0, instance:tests.AmazonSearchWithExcel@3ba9ad43]" started-at="2022-01-24T21:08:06 EST" name="afterMethod" finished-at="2022-01-24T21:08:07 EST" duration-ms="673" status="PASS">
          <reporter-output>
          </reporter-output>
        </test-method> <!-- afterMethod -->
      </class> <!-- tests.AmazonSearchWithExcel -->
    </test> <!-- Default test -->
  </suite> <!-- Default suite -->
</testng-results>
